test_cache:9 report [230,181,139,232,175,149,49]
test_cache:12 report [230,181,139,232,175,149,50]
test_cache:9 report [230,181,139,232,175,149,49]
test_cache:12 report [230,181,139,232,175,149,50]
test_cache:9 report [230,181,139,232,175,149,49]
test_cache:12 report [230,181,139,232,175,149,50]
test_cache:9 report [230,181,139,232,175,149,49]
test_cache:12 report [230,181,139,232,175,149,50]
error [test_cache,9,230,181,139,232,175,149,49]
test_cache:12 report [230,181,139,232,175,149,50]
error [test_cache,9,230,181,139,232,175,149,49]
test_cache:12 report [230,181,139,232,175,149,50]
error [test_cache,9,230,181,139,232,175,149,49]
test_cache:12 report [230,181,139,232,175,149,50]
error [test_cache,9,230,181,139,232,175,149,49]
test_cache:12 report [230,181,139,232,175,149,50]
lc_store:19 insert sss,dd
lc_store:19 insert sss,dd
lc_store:13 lookup sss
lc_store:25 delete sss
lc_store:25 delete sss
lc_store:25 delete sss
lc_store:13 lookup sss
lc_store:19 insert sss,dd
lc_store:19 insert lxw,aaa
lc_store:19 insert lxw,aaa
lc_store:19 insert lxw,aaa
lc_store:25 delete lxw
lc_store:19 insert lxw,aaa
lc_store:13 lookup lxw
lc_store:19 insert lxw,aaa
lc_store:19 insert lxw,aaa
lc_store:19 insert lifefe,cccc
lc_store:13 lookup lifefe
lc_store:19 insert lxw,dsds
lc_store:13 lookup llll
lc_store:19 insert lxw,ssss
lc_store:13 lookup dsds
lc_store:13 lookup llx
lc_store:19 insert llx,llx
lc_store:13 lookup dsdsd
lc_store:19 insert dsdsd,dsdsd
lc_store:13 lookup llx
lc_store:19 insert llx,llx
lc_store:13 lookup llx
lc_store:19 insert llx,llx
lc_store:13 lookup llx
lc_store:13 lookup llx
lc_store:19 insert lvxiaowei,dsds
lc_store:13 lookup lvxiaowei
lc_store:19 insert lvxiaowei,lvxiaowei
lc_store:25 delete lvxiaowei
lc_store:13 lookup lvxiaowei
lc_store:19 insert lvxiaowei,lvxiaowei
